[ 2020-07-15T10:28:34+08:00 ][ info ] [ BEHAVIOR ] Run Closure @app_init [ RunTime:0.000128s ]
[ info ] [ LOG ] INIT File
[ 2020-07-15T10:28:34+08:00 ][ info ] [ CACHE ] INIT File
[ 2020-07-15T10:28:34+08:00 ][ info ] [ BEHAVIOR ] Run \addons\log\Log @app_init [ RunTime:0.005661s ]
[ 2020-07-15T10:28:34+08:00 ][ info ] [ BEHAVIOR ] Run Closure @app_init [ RunTime:0.006070s ]
[ 2020-07-15T10:28:34+08:00 ][ info ] [ DB ] INIT mysql
[ 2020-07-15T10:28:34+08:00 ][ info ] [ BEHAVIOR ] Run Closure @app_init [ RunTime:0.000126s ]
[ info ] [ LOG ] INIT File
[ 2020-07-15T10:28:34+08:00 ][ info ] [ CACHE ] INIT File
[ 2020-07-15T10:28:34+08:00 ][ info ] [ BEHAVIOR ] Run \addons\log\Log @app_init [ RunTime:0.006018s ]
[ 2020-07-15T10:28:34+08:00 ][ info ] [ BEHAVIOR ] Run Closure @app_init [ RunTime:0.006544s ]
[ 2020-07-15T10:28:34+08:00 ][ info ] [ DB ] INIT mysql
[ 2020-07-15T10:28:34+08:00 ][ info ] [ LANG ] F:\2_install_path\wamp64\www\FastAdmin\application\admin\lang/zh-cn.php
[ 2020-07-15T14:31:37+08:00 ][ info ] [ BEHAVIOR ] Run Closure @app_init [ RunTime:0.000145s ]
[ info ] [ LOG ] INIT File
[ 2020-07-15T14:31:37+08:00 ][ info ] [ CACHE ] INIT File
[ 2020-07-15T14:31:37+08:00 ][ info ] [ BEHAVIOR ] Run \addons\log\Log @app_init [ RunTime:0.005180s ]
[ 2020-07-15T14:31:37+08:00 ][ info ] [ BEHAVIOR ] Run Closure @app_init [ RunTime:0.005601s ]
[ 2020-07-15T14:31:37+08:00 ][ info ] [ DB ] INIT mysql
[ 2020-07-15T14:32:02+08:00 ][ info ] [ BEHAVIOR ] Run Closure @app_init [ RunTime:0.000119s ]
[ info ] [ LOG ] INIT File
[ 2020-07-15T14:32:02+08:00 ][ info ] [ CACHE ] INIT File
[ 2020-07-15T14:32:02+08:00 ][ info ] [ BEHAVIOR ] Run \addons\log\Log @app_init [ RunTime:0.006691s ]
[ 2020-07-15T14:32:02+08:00 ][ info ] [ BEHAVIOR ] Run Closure @app_init [ RunTime:0.007133s ]
[ 2020-07-15T14:32:02+08:00 ][ info ] [ DB ] INIT mysql
[ 2020-07-15T14:32:27+08:00 ][ info ] [ BEHAVIOR ] Run Closure @app_init [ RunTime:0.000199s ]
[ info ] [ LOG ] INIT File
[ 2020-07-15T14:32:27+08:00 ][ info ] [ CACHE ] INIT File
[ 2020-07-15T14:32:27+08:00 ][ info ] [ BEHAVIOR ] Run \addons\log\Log @app_init [ RunTime:0.006843s ]
[ 2020-07-15T14:32:27+08:00 ][ info ] [ BEHAVIOR ] Run Closure @app_init [ RunTime:0.007276s ]
[ 2020-07-15T14:32:27+08:00 ][ info ] [ DB ] INIT mysql
[ 2020-07-15T14:32:59+08:00 ][ info ] [ BEHAVIOR ] Run Closure @app_init [ RunTime:0.000118s ]
[ info ] [ LOG ] INIT File
[ 2020-07-15T14:32:59+08:00 ][ info ] [ CACHE ] INIT File
[ 2020-07-15T14:32:59+08:00 ][ info ] [ BEHAVIOR ] Run \addons\log\Log @app_init [ RunTime:0.005730s ]
[ 2020-07-15T14:32:59+08:00 ][ info ] [ BEHAVIOR ] Run Closure @app_init [ RunTime:0.006209s ]
[ 2020-07-15T14:32:59+08:00 ][ info ] [ DB ] INIT mysql
[ 2020-07-15T14:33:05+08:00 ][ info ] [ BEHAVIOR ] Run Closure @app_init [ RunTime:0.000161s ]
[ info ] [ LOG ] INIT File
[ 2020-07-15T14:33:05+08:00 ][ info ] [ CACHE ] INIT File
[ 2020-07-15T14:33:05+08:00 ][ info ] [ BEHAVIOR ] Run \addons\log\Log @app_init [ RunTime:0.006071s ]
[ 2020-07-15T14:33:05+08:00 ][ info ] [ BEHAVIOR ] Run Closure @app_init [ RunTime:0.006510s ]
[ 2020-07-15T14:33:07+08:00 ][ info ] [ BEHAVIOR ] Run Closure @app_init [ RunTime:0.000121s ]
[ info ] [ LOG ] INIT File
[ 2020-07-15T14:33:07+08:00 ][ info ] [ CACHE ] INIT File
[ 2020-07-15T14:33:07+08:00 ][ info ] [ BEHAVIOR ] Run \addons\log\Log @app_init [ RunTime:0.007203s ]
[ 2020-07-15T14:33:07+08:00 ][ info ] [ BEHAVIOR ] Run Closure @app_init [ RunTime:0.007669s ]
[ 2020-07-15T14:33:07+08:00 ][ info ] [ DB ] INIT mysql
[ 2020-07-15T14:33:57+08:00 ][ info ] [ BEHAVIOR ] Run Closure @app_init [ RunTime:0.000131s ]
[ info ] [ LOG ] INIT File
[ 2020-07-15T14:33:57+08:00 ][ info ] [ CACHE ] INIT File
[ 2020-07-15T14:33:57+08:00 ][ info ] [ BEHAVIOR ] Run \addons\log\Log @app_init [ RunTime:0.005686s ]
[ 2020-07-15T14:33:57+08:00 ][ info ] [ BEHAVIOR ] Run Closure @app_init [ RunTime:0.006079s ]
[ 2020-07-15T14:33:57+08:00 ][ info ] [ DB ] INIT mysql
[ 2020-07-15T14:33:57+08:00 ][ info ] [ LANG ] F:\2_install_path\wamp64\www\FastAdmin\application\admin\lang/zh-cn.php
