[ 2020-07-16T16:35:24+08:00 ][ info ] [ BEHAVIOR ] Run Closure @app_init [ RunTime:0.000265s ]
[ info ] [ LOG ] INIT File
[ 2020-07-16T16:35:24+08:00 ][ info ] [ CACHE ] INIT File
[ 2020-07-16T16:35:24+08:00 ][ info ] [ BEHAVIOR ] Run \addons\log\Log @app_init [ RunTime:0.006298s ]
[ 2020-07-16T16:35:24+08:00 ][ info ] [ BEHAVIOR ] Run Closure @app_init [ RunTime:0.006746s ]
[ 2020-07-16T16:35:24+08:00 ][ info ] [ DB ] INIT mysql
[ 2020-07-16T16:36:33+08:00 ][ info ] [ BEHAVIOR ] Run Closure @app_init [ RunTime:0.000134s ]
[ info ] [ LOG ] INIT File
[ 2020-07-16T16:36:33+08:00 ][ info ] [ CACHE ] INIT File
[ 2020-07-16T16:36:33+08:00 ][ info ] [ BEHAVIOR ] Run \addons\log\Log @app_init [ RunTime:0.005758s ]
[ 2020-07-16T16:36:33+08:00 ][ info ] [ BEHAVIOR ] Run Closure @app_init [ RunTime:0.006130s ]
[ 2020-07-16T16:36:33+08:00 ][ info ] [ DB ] INIT mysql
[ 2020-07-16T16:36:33+08:00 ][ info ] [ LANG ] F:\2_install_path\wamp64\www\FastAdmin\application\admin\lang/zh-cn.php
[ 2020-07-16T16:36:48+08:00 ][ info ] [ BEHAVIOR ] Run Closure @app_init [ RunTime:0.000122s ]
[ info ] [ LOG ] INIT File
[ 2020-07-16T16:36:48+08:00 ][ info ] [ CACHE ] INIT File
[ 2020-07-16T16:36:48+08:00 ][ info ] [ BEHAVIOR ] Run \addons\log\Log @app_init [ RunTime:0.005485s ]
[ 2020-07-16T16:36:48+08:00 ][ info ] [ BEHAVIOR ] Run Closure @app_init [ RunTime:0.005834s ]
[ 2020-07-16T16:36:48+08:00 ][ info ] [ DB ] INIT mysql
[ 2020-07-16T16:36:56+08:00 ][ info ] [ BEHAVIOR ] Run Closure @app_init [ RunTime:0.000149s ]
[ info ] [ LOG ] INIT File
[ 2020-07-16T16:36:56+08:00 ][ info ] [ CACHE ] INIT File
[ 2020-07-16T16:36:56+08:00 ][ info ] [ BEHAVIOR ] Run \addons\log\Log @app_init [ RunTime:0.008599s ]
[ 2020-07-16T16:36:56+08:00 ][ info ] [ BEHAVIOR ] Run Closure @app_init [ RunTime:0.008960s ]
[ 2020-07-16T16:36:56+08:00 ][ info ] [ DB ] INIT mysql
[ 2020-07-16T16:37:00+08:00 ][ info ] [ BEHAVIOR ] Run Closure @app_init [ RunTime:0.000123s ]
[ info ] [ LOG ] INIT File
[ 2020-07-16T16:37:00+08:00 ][ info ] [ CACHE ] INIT File
[ 2020-07-16T16:37:00+08:00 ][ info ] [ BEHAVIOR ] Run \addons\log\Log @app_init [ RunTime:0.006062s ]
[ 2020-07-16T16:37:00+08:00 ][ info ] [ BEHAVIOR ] Run Closure @app_init [ RunTime:0.006440s ]
[ 2020-07-16T16:37:05+08:00 ][ info ] [ BEHAVIOR ] Run Closure @app_init [ RunTime:0.000123s ]
[ info ] [ LOG ] INIT File
[ 2020-07-16T16:37:05+08:00 ][ info ] [ CACHE ] INIT File
[ 2020-07-16T16:37:05+08:00 ][ info ] [ BEHAVIOR ] Run \addons\log\Log @app_init [ RunTime:0.006157s ]
[ 2020-07-16T16:37:05+08:00 ][ info ] [ BEHAVIOR ] Run Closure @app_init [ RunTime:0.006534s ]
[ 2020-07-16T16:37:05+08:00 ][ info ] [ DB ] INIT mysql
[ 2020-07-16T16:37:09+08:00 ][ info ] [ BEHAVIOR ] Run Closure @app_init [ RunTime:0.000153s ]
[ info ] [ LOG ] INIT File
[ 2020-07-16T16:37:09+08:00 ][ info ] [ CACHE ] INIT File
[ 2020-07-16T16:37:09+08:00 ][ info ] [ BEHAVIOR ] Run \addons\log\Log @app_init [ RunTime:0.005844s ]
[ 2020-07-16T16:37:09+08:00 ][ info ] [ BEHAVIOR ] Run Closure @app_init [ RunTime:0.006237s ]
[ 2020-07-16T16:37:09+08:00 ][ info ] [ DB ] INIT mysql
[ 2020-07-16T16:37:09+08:00 ][ info ] [ LANG ] F:\2_install_path\wamp64\www\FastAdmin\application\admin\lang/zh-cn.php
